{"/Users/rasec/Documents/github/Proyecto de Tesis/Frontend/src/components/ui/Card.tsx": {"path":"/Users/rasec/Documents/github/Proyecto de Tesis/Frontend/src/components/ui/Card.tsx","statementMap":{"0":{"start":{"line":3,"column":20},"end":{"line":6,"column":null}},"1":{"start":{"line":4,"column":4},"end":{"line":6,"column":null}}},"fnMap":{"0":{"name":"(anonymous_0)","decl":{"start":{"line":3,"column":20},"end":{"line":3,"column":21}},"loc":{"start":{"line":4,"column":4},"end":{"line":6,"column":null}},"line":4}},"branchMap":{"0":{"loc":{"start":{"line":3,"column":33},"end":{"line":3,"column":48}},"type":"default-arg","locations":[{"start":{"line":3,"column":45},"end":{"line":3,"column":48}}],"line":3}},"s":{"0":1,"1":25},"f":{"0":25},"b":{"0":[25]},"meta":{"lastBranch":1,"lastFunction":1,"lastStatement":2,"seen":{"s:3:20:6:Infinity":0,"f:3:20:3:21":0,"s:4:4:6:Infinity":1,"b:3:45:3:48":0}}}
,"/Users/rasec/Documents/github/Proyecto de Tesis/Frontend/src/components/views/CameraDetailView.tsx": {"path":"/Users/rasec/Documents/github/Proyecto de Tesis/Frontend/src/components/views/CameraDetailView.tsx","statementMap":{"0":{"start":{"line":20,"column":65},"end":{"line":337,"column":null}},"1":{"start":{"line":21,"column":32},"end":{"line":21,"column":null}},"2":{"start":{"line":22,"column":36},"end":{"line":22,"column":null}},"3":{"start":{"line":23,"column":30},"end":{"line":23,"column":null}},"4":{"start":{"line":26,"column":30},"end":{"line":37,"column":null}},"5":{"start":{"line":38,"column":36},"end":{"line":38,"column":null}},"6":{"start":{"line":41,"column":4},"end":{"line":68,"column":null}},"7":{"start":{"line":42,"column":23},"end":{"line":42,"column":null}},"8":{"start":{"line":43,"column":28},"end":{"line":43,"column":null}},"9":{"start":{"line":45,"column":8},"end":{"line":63,"column":null}},"10":{"start":{"line":46,"column":12},"end":{"line":62,"column":null}},"11":{"start":{"line":47,"column":29},"end":{"line":47,"column":null}},"12":{"start":{"line":48,"column":16},"end":{"line":59,"column":null}},"13":{"start":{"line":61,"column":16},"end":{"line":61,"column":null}},"14":{"start":{"line":65,"column":8},"end":{"line":67,"column":null}},"15":{"start":{"line":66,"column":12},"end":{"line":66,"column":null}},"16":{"start":{"line":71,"column":4},"end":{"line":94,"column":null}},"17":{"start":{"line":72,"column":32},"end":{"line":87,"column":null}},"18":{"start":{"line":73,"column":12},"end":{"line":86,"column":null}},"19":{"start":{"line":74,"column":35},"end":{"line":74,"column":null}},"20":{"start":{"line":75,"column":31},"end":{"line":82,"column":null}},"21":{"start":{"line":83,"column":16},"end":{"line":83,"column":null}},"22":{"start":{"line":85,"column":16},"end":{"line":85,"column":null}},"23":{"start":{"line":89,"column":8},"end":{"line":91,"column":null}},"24":{"start":{"line":90,"column":12},"end":{"line":90,"column":null}},"25":{"start":{"line":92,"column":25},"end":{"line":92,"column":null}},"26":{"start":{"line":93,"column":8},"end":{"line":93,"column":null}},"27":{"start":{"line":93,"column":21},"end":{"line":93,"column":null}},"28":{"start":{"line":96,"column":29},"end":{"line":103,"column":null}},"29":{"start":{"line":97,"column":8},"end":{"line":102,"column":null}},"30":{"start":{"line":98,"column":24},"end":{"line":98,"column":null}},"31":{"start":{"line":99,"column":27},"end":{"line":99,"column":null}},"32":{"start":{"line":100,"column":25},"end":{"line":100,"column":null}},"33":{"start":{"line":101,"column":21},"end":{"line":101,"column":null}},"34":{"start":{"line":106,"column":22},"end":{"line":106,"column":null}},"35":{"start":{"line":108,"column":23},"end":{"line":110,"column":null}},"36":{"start":{"line":112,"column":32},"end":{"line":117,"column":null}},"37":{"start":{"line":113,"column":14},"end":{"line":113,"column":null}},"38":{"start":{"line":114,"column":8},"end":{"line":114,"column":null}},"39":{"start":{"line":114,"column":43},"end":{"line":114,"column":null}},"40":{"start":{"line":115,"column":8},"end":{"line":115,"column":null}},"41":{"start":{"line":115,"column":46},"end":{"line":115,"column":null}},"42":{"start":{"line":116,"column":8},"end":{"line":116,"column":null}},"43":{"start":{"line":119,"column":28},"end":{"line":119,"column":null}},"44":{"start":{"line":121,"column":4},"end":{"line":335,"column":null}},"45":{"start":{"line":135,"column":43},"end":{"line":135,"column":null}},"46":{"start":{"line":144,"column":43},"end":{"line":144,"column":null}},"47":{"start":{"line":161,"column":51},"end":{"line":161,"column":null}},"48":{"start":{"line":170,"column":51},"end":{"line":170,"column":null}},"49":{"start":{"line":184,"column":36},"end":{"line":193,"column":null}},"50":{"start":{"line":186,"column":55},"end":{"line":186,"column":null}}},"fnMap":{"0":{"name":"(anonymous_0)","decl":{"start":{"line":20,"column":65},"end":{"line":20,"column":66}},"loc":{"start":{"line":20,"column":91},"end":{"line":337,"column":null}},"line":20},"1":{"name":"(anonymous_1)","decl":{"start":{"line":41,"column":14},"end":{"line":41,"column":20}},"loc":{"start":{"line":41,"column":20},"end":{"line":68,"column":7}},"line":41},"2":{"name":"(anonymous_2)","decl":{"start":{"line":45,"column":49},"end":{"line":45,"column":50}},"loc":{"start":{"line":45,"column":60},"end":{"line":63,"column":9}},"line":45},"3":{"name":"(anonymous_3)","decl":{"start":{"line":65,"column":15},"end":{"line":65,"column":21}},"loc":{"start":{"line":65,"column":21},"end":{"line":67,"column":null}},"line":65},"4":{"name":"(anonymous_4)","decl":{"start":{"line":71,"column":14},"end":{"line":71,"column":20}},"loc":{"start":{"line":71,"column":20},"end":{"line":94,"column":7}},"line":71},"5":{"name":"(anonymous_5)","decl":{"start":{"line":72,"column":32},"end":{"line":72,"column":44}},"loc":{"start":{"line":72,"column":44},"end":{"line":87,"column":null}},"line":72},"6":{"name":"(anonymous_6)","decl":{"start":{"line":93,"column":15},"end":{"line":93,"column":21}},"loc":{"start":{"line":93,"column":21},"end":{"line":93,"column":null}},"line":93},"7":{"name":"(anonymous_7)","decl":{"start":{"line":96,"column":29},"end":{"line":96,"column":35}},"loc":{"start":{"line":96,"column":35},"end":{"line":103,"column":null}},"line":96},"8":{"name":"(anonymous_8)","decl":{"start":{"line":112,"column":32},"end":{"line":112,"column":33}},"loc":{"start":{"line":112,"column":51},"end":{"line":117,"column":null}},"line":112},"9":{"name":"(anonymous_9)","decl":{"start":{"line":135,"column":37},"end":{"line":135,"column":43}},"loc":{"start":{"line":135,"column":43},"end":{"line":135,"column":null}},"line":135},"10":{"name":"(anonymous_10)","decl":{"start":{"line":144,"column":37},"end":{"line":144,"column":43}},"loc":{"start":{"line":144,"column":43},"end":{"line":144,"column":null}},"line":144},"11":{"name":"(anonymous_11)","decl":{"start":{"line":161,"column":45},"end":{"line":161,"column":51}},"loc":{"start":{"line":161,"column":51},"end":{"line":161,"column":null}},"line":161},"12":{"name":"(anonymous_12)","decl":{"start":{"line":170,"column":45},"end":{"line":170,"column":51}},"loc":{"start":{"line":170,"column":51},"end":{"line":170,"column":null}},"line":170},"13":{"name":"(anonymous_13)","decl":{"start":{"line":183,"column":74},"end":{"line":183,"column":75}},"loc":{"start":{"line":184,"column":36},"end":{"line":193,"column":null}},"line":184},"14":{"name":"(anonymous_14)","decl":{"start":{"line":186,"column":49},"end":{"line":186,"column":55}},"loc":{"start":{"line":186,"column":55},"end":{"line":186,"column":null}},"line":186}},"branchMap":{"0":{"loc":{"start":{"line":49,"column":37},"end":{"line":49,"column":null}},"type":"binary-expr","locations":[{"start":{"line":49,"column":37},"end":{"line":49,"column":60}},{"start":{"line":49,"column":60},"end":{"line":49,"column":null}}],"line":49},"1":{"loc":{"start":{"line":50,"column":30},"end":{"line":50,"column":null}},"type":"binary-expr","locations":[{"start":{"line":50,"column":30},"end":{"line":50,"column":48}},{"start":{"line":50,"column":48},"end":{"line":50,"column":null}}],"line":50},"2":{"loc":{"start":{"line":51,"column":37},"end":{"line":51,"column":null}},"type":"binary-expr","locations":[{"start":{"line":51,"column":37},"end":{"line":51,"column":62}},{"start":{"line":51,"column":62},"end":{"line":51,"column":null}}],"line":51},"3":{"loc":{"start":{"line":52,"column":29},"end":{"line":52,"column":null}},"type":"binary-expr","locations":[{"start":{"line":52,"column":29},"end":{"line":52,"column":45}},{"start":{"line":52,"column":45},"end":{"line":52,"column":null}}],"line":52},"4":{"loc":{"start":{"line":53,"column":33},"end":{"line":53,"column":null}},"type":"binary-expr","locations":[{"start":{"line":53,"column":33},"end":{"line":53,"column":53}},{"start":{"line":53,"column":53},"end":{"line":53,"column":null}}],"line":53},"5":{"loc":{"start":{"line":54,"column":31},"end":{"line":54,"column":null}},"type":"binary-expr","locations":[{"start":{"line":54,"column":31},"end":{"line":54,"column":49}},{"start":{"line":54,"column":49},"end":{"line":54,"column":null}}],"line":54},"6":{"loc":{"start":{"line":55,"column":25},"end":{"line":55,"column":null}},"type":"binary-expr","locations":[{"start":{"line":55,"column":25},"end":{"line":55,"column":45}},{"start":{"line":55,"column":45},"end":{"line":55,"column":null}}],"line":55},"7":{"loc":{"start":{"line":56,"column":29},"end":{"line":56,"column":null}},"type":"binary-expr","locations":[{"start":{"line":56,"column":29},"end":{"line":56,"column":58}},{"start":{"line":56,"column":58},"end":{"line":56,"column":null}}],"line":56},"8":{"loc":{"start":{"line":57,"column":29},"end":{"line":57,"column":null}},"type":"binary-expr","locations":[{"start":{"line":57,"column":29},"end":{"line":57,"column":56}},{"start":{"line":57,"column":56},"end":{"line":57,"column":null}}],"line":57},"9":{"loc":{"start":{"line":58,"column":30},"end":{"line":58,"column":null}},"type":"binary-expr","locations":[{"start":{"line":58,"column":30},"end":{"line":58,"column":56}},{"start":{"line":58,"column":56},"end":{"line":58,"column":null}}],"line":58},"10":{"loc":{"start":{"line":74,"column":35},"end":{"line":74,"column":null}},"type":"binary-expr","locations":[{"start":{"line":74,"column":35},"end":{"line":74,"column":103}},{"start":{"line":74,"column":103},"end":{"line":74,"column":null}}],"line":74},"11":{"loc":{"start":{"line":74,"column":47},"end":{"line":74,"column":71}},"type":"binary-expr","locations":[{"start":{"line":74,"column":47},"end":{"line":74,"column":66}},{"start":{"line":74,"column":66},"end":{"line":74,"column":71}}],"line":74},"12":{"loc":{"start":{"line":89,"column":8},"end":{"line":91,"column":null}},"type":"if","locations":[{"start":{"line":89,"column":8},"end":{"line":91,"column":null}},{"start":{},"end":{}}],"line":89},"13":{"loc":{"start":{"line":97,"column":8},"end":{"line":102,"column":null}},"type":"switch","locations":[{"start":{"line":98,"column":12},"end":{"line":98,"column":null}},{"start":{"line":99,"column":12},"end":{"line":99,"column":null}},{"start":{"line":100,"column":12},"end":{"line":100,"column":null}},{"start":{"line":101,"column":12},"end":{"line":101,"column":null}}],"line":97},"14":{"loc":{"start":{"line":108,"column":23},"end":{"line":110,"column":null}},"type":"cond-expr","locations":[{"start":{"line":108,"column":48},"end":{"line":108,"column":null}},{"start":{"line":109,"column":8},"end":{"line":110,"column":null}}],"line":108},"15":{"loc":{"start":{"line":109,"column":8},"end":{"line":110,"column":null}},"type":"cond-expr","locations":[{"start":{"line":109,"column":33},"end":{"line":109,"column":null}},{"start":{"line":110,"column":12},"end":{"line":110,"column":null}}],"line":109},"16":{"loc":{"start":{"line":110,"column":12},"end":{"line":110,"column":null}},"type":"cond-expr","locations":[{"start":{"line":110,"column":37},"end":{"line":110,"column":68}},{"start":{"line":110,"column":68},"end":{"line":110,"column":null}}],"line":110},"17":{"loc":{"start":{"line":113,"column":19},"end":{"line":113,"column":32}},"type":"binary-expr","locations":[{"start":{"line":113,"column":19},"end":{"line":113,"column":28}},{"start":{"line":113,"column":28},"end":{"line":113,"column":32}}],"line":113},"18":{"loc":{"start":{"line":114,"column":8},"end":{"line":114,"column":null}},"type":"if","locations":[{"start":{"line":114,"column":8},"end":{"line":114,"column":null}},{"start":{},"end":{}}],"line":114},"19":{"loc":{"start":{"line":114,"column":12},"end":{"line":114,"column":43}},"type":"binary-expr","locations":[{"start":{"line":114,"column":12},"end":{"line":114,"column":28}},{"start":{"line":114,"column":28},"end":{"line":114,"column":43}}],"line":114},"20":{"loc":{"start":{"line":115,"column":8},"end":{"line":115,"column":null}},"type":"if","locations":[{"start":{"line":115,"column":8},"end":{"line":115,"column":null}},{"start":{},"end":{}}],"line":115},"21":{"loc":{"start":{"line":115,"column":12},"end":{"line":115,"column":46}},"type":"binary-expr","locations":[{"start":{"line":115,"column":12},"end":{"line":115,"column":32}},{"start":{"line":115,"column":32},"end":{"line":115,"column":46}}],"line":115},"22":{"loc":{"start":{"line":136,"column":100},"end":{"line":138,"column":null}},"type":"cond-expr","locations":[{"start":{"line":137,"column":34},"end":{"line":137,"column":null}},{"start":{"line":138,"column":34},"end":{"line":138,"column":null}}],"line":136},"23":{"loc":{"start":{"line":145,"column":100},"end":{"line":147,"column":null}},"type":"cond-expr","locations":[{"start":{"line":146,"column":34},"end":{"line":146,"column":null}},{"start":{"line":147,"column":34},"end":{"line":147,"column":null}}],"line":145},"24":{"loc":{"start":{"line":156,"column":21},"end":{"line":196,"column":null}},"type":"binary-expr","locations":[{"start":{"line":156,"column":21},"end":{"line":156,"column":null}},{"start":{"line":157,"column":24},"end":{"line":196,"column":null}}],"line":156},"25":{"loc":{"start":{"line":162,"column":128},"end":{"line":164,"column":null}},"type":"cond-expr","locations":[{"start":{"line":163,"column":42},"end":{"line":163,"column":null}},{"start":{"line":164,"column":42},"end":{"line":164,"column":null}}],"line":162},"26":{"loc":{"start":{"line":171,"column":104},"end":{"line":173,"column":null}},"type":"cond-expr","locations":[{"start":{"line":172,"column":42},"end":{"line":172,"column":null}},{"start":{"line":173,"column":42},"end":{"line":173,"column":null}}],"line":171},"27":{"loc":{"start":{"line":187,"column":108},"end":{"line":189,"column":null}},"type":"cond-expr","locations":[{"start":{"line":188,"column":46},"end":{"line":188,"column":null}},{"start":{"line":189,"column":46},"end":{"line":189,"column":null}}],"line":187},"28":{"loc":{"start":{"line":212,"column":25},"end":{"line":229,"column":null}},"type":"cond-expr","locations":[{"start":{"line":213,"column":28},"end":{"line":227,"column":null}},{"start":{"line":229,"column":28},"end":{"line":229,"column":null}}],"line":212},"29":{"loc":{"start":{"line":234,"column":57},"end":{"line":234,"column":188}},"type":"cond-expr","locations":[{"start":{"line":234,"column":77},"end":{"line":234,"column":131}},{"start":{"line":234,"column":131},"end":{"line":234,"column":188}}],"line":234},"30":{"loc":{"start":{"line":235,"column":60},"end":{"line":235,"column":114}},"type":"cond-expr","locations":[{"start":{"line":235,"column":80},"end":{"line":235,"column":97}},{"start":{"line":235,"column":97},"end":{"line":235,"column":114}}],"line":235},"31":{"loc":{"start":{"line":238,"column":25},"end":{"line":259,"column":null}},"type":"cond-expr","locations":[{"start":{"line":239,"column":28},"end":{"line":257,"column":null}},{"start":{"line":259,"column":28},"end":{"line":259,"column":null}}],"line":238},"32":{"loc":{"start":{"line":248,"column":69},"end":{"line":248,"column":155}},"type":"cond-expr","locations":[{"start":{"line":248,"column":126},"end":{"line":248,"column":143}},{"start":{"line":248,"column":143},"end":{"line":248,"column":155}}],"line":248},"33":{"loc":{"start":{"line":283,"column":69},"end":{"line":283,"column":124}},"type":"cond-expr","locations":[{"start":{"line":283,"column":93},"end":{"line":283,"column":112}},{"start":{"line":283,"column":112},"end":{"line":283,"column":124}}],"line":283}},"s":{"0":1,"1":5,"2":5,"3":5,"4":5,"5":5,"6":5,"7":4,"8":4,"9":4,"10":0,"11":0,"12":0,"13":0,"14":4,"15":4,"16":5,"17":4,"18":0,"19":0,"20":0,"21":0,"22":0,"23":4,"24":0,"25":4,"26":4,"27":4,"28":5,"29":5,"30":0,"31":0,"32":5,"33":0,"34":5,"35":5,"36":5,"37":5,"38":5,"39":0,"40":5,"41":0,"42":5,"43":5,"44":5,"45":0,"46":1,"47":0,"48":0,"49":12,"50":0},"f":{"0":5,"1":4,"2":0,"3":4,"4":4,"5":0,"6":4,"7":5,"8":5,"9":0,"10":1,"11":0,"12":0,"13":12,"14":0},"b":{"0":[0,0],"1":[0,0],"2":[0,0],"3":[0,0],"4":[0,0],"5":[0,0],"6":[0,0],"7":[0,0],"8":[0,0],"9":[0,0],"10":[0,0],"11":[0,0],"12":[0,4],"13":[0,0,5,0],"14":[5,0],"15":[0,0],"16":[0,0],"17":[5,0],"18":[0,5],"19":[5,5],"20":[0,5],"21":[5,5],"22":[4,1],"23":[1,4],"24":[5,4],"25":[4,0],"26":[0,4],"27":[4,8],"28":[4,1],"29":[0,5],"30":[0,5],"31":[0,5],"32":[0,0],"33":[0,5]},"meta":{"lastBranch":34,"lastFunction":15,"lastStatement":51,"seen":{"s:20:65:337:Infinity":0,"f:20:65:20:66":0,"s:21:32:21:Infinity":1,"s:22:36:22:Infinity":2,"s:23:30:23:Infinity":3,"s:26:30:37:Infinity":4,"s:38:36:38:Infinity":5,"s:41:4:68:Infinity":6,"f:41:14:41:20":1,"s:42:23:42:Infinity":7,"s:43:28:43:Infinity":8,"s:45:8:63:Infinity":9,"f:45:49:45:50":2,"s:46:12:62:Infinity":10,"s:47:29:47:Infinity":11,"s:48:16:59:Infinity":12,"b:49:37:49:60:49:60:49:Infinity":0,"b:50:30:50:48:50:48:50:Infinity":1,"b:51:37:51:62:51:62:51:Infinity":2,"b:52:29:52:45:52:45:52:Infinity":3,"b:53:33:53:53:53:53:53:Infinity":4,"b:54:31:54:49:54:49:54:Infinity":5,"b:55:25:55:45:55:45:55:Infinity":6,"b:56:29:56:58:56:58:56:Infinity":7,"b:57:29:57:56:57:56:57:Infinity":8,"b:58:30:58:56:58:56:58:Infinity":9,"s:61:16:61:Infinity":13,"s:65:8:67:Infinity":14,"f:65:15:65:21":3,"s:66:12:66:Infinity":15,"s:71:4:94:Infinity":16,"f:71:14:71:20":4,"s:72:32:87:Infinity":17,"f:72:32:72:44":5,"s:73:12:86:Infinity":18,"s:74:35:74:Infinity":19,"b:74:35:74:103:74:103:74:Infinity":10,"b:74:47:74:66:74:66:74:71":11,"s:75:31:82:Infinity":20,"s:83:16:83:Infinity":21,"s:85:16:85:Infinity":22,"b:89:8:91:Infinity:undefined:undefined:undefined:undefined":12,"s:89:8:91:Infinity":23,"s:90:12:90:Infinity":24,"s:92:25:92:Infinity":25,"s:93:8:93:Infinity":26,"f:93:15:93:21":6,"s:93:21:93:Infinity":27,"s:96:29:103:Infinity":28,"f:96:29:96:35":7,"b:98:12:98:Infinity:99:12:99:Infinity:100:12:100:Infinity:101:12:101:Infinity":13,"s:97:8:102:Infinity":29,"s:98:24:98:Infinity":30,"s:99:27:99:Infinity":31,"s:100:25:100:Infinity":32,"s:101:21:101:Infinity":33,"s:106:22:106:Infinity":34,"s:108:23:110:Infinity":35,"b:108:48:108:Infinity:109:8:110:Infinity":14,"b:109:33:109:Infinity:110:12:110:Infinity":15,"b:110:37:110:68:110:68:110:Infinity":16,"s:112:32:117:Infinity":36,"f:112:32:112:33":8,"s:113:14:113:Infinity":37,"b:113:19:113:28:113:28:113:32":17,"b:114:8:114:Infinity:undefined:undefined:undefined:undefined":18,"s:114:8:114:Infinity":38,"b:114:12:114:28:114:28:114:43":19,"s:114:43:114:Infinity":39,"b:115:8:115:Infinity:undefined:undefined:undefined:undefined":20,"s:115:8:115:Infinity":40,"b:115:12:115:32:115:32:115:46":21,"s:115:46:115:Infinity":41,"s:116:8:116:Infinity":42,"s:119:28:119:Infinity":43,"s:121:4:335:Infinity":44,"f:135:37:135:43":9,"s:135:43:135:Infinity":45,"b:137:34:137:Infinity:138:34:138:Infinity":22,"f:144:37:144:43":10,"s:144:43:144:Infinity":46,"b:146:34:146:Infinity:147:34:147:Infinity":23,"b:156:21:156:Infinity:157:24:196:Infinity":24,"f:161:45:161:51":11,"s:161:51:161:Infinity":47,"b:163:42:163:Infinity:164:42:164:Infinity":25,"f:170:45:170:51":12,"s:170:51:170:Infinity":48,"b:172:42:172:Infinity:173:42:173:Infinity":26,"f:183:74:183:75":13,"s:184:36:193:Infinity":49,"f:186:49:186:55":14,"s:186:55:186:Infinity":50,"b:188:46:188:Infinity:189:46:189:Infinity":27,"b:213:28:227:Infinity:229:28:229:Infinity":28,"b:234:77:234:131:234:131:234:188":29,"b:235:80:235:97:235:97:235:114":30,"b:239:28:257:Infinity:259:28:259:Infinity":31,"b:248:126:248:143:248:143:248:155":32,"b:283:93:283:112:283:112:283:124":33}}}
,"/Users/rasec/Documents/github/Proyecto de Tesis/Frontend/src/components/widgets/TrafficHistoryWidget.tsx": {"path":"/Users/rasec/Documents/github/Proyecto de Tesis/Frontend/src/components/widgets/TrafficHistoryWidget.tsx","statementMap":{"0":{"start":{"line":45,"column":27},"end":{"line":50,"column":null}},"1":{"start":{"line":46,"column":10},"end":{"line":46,"column":null}},"2":{"start":{"line":47,"column":4},"end":{"line":47,"column":null}},"3":{"start":{"line":47,"column":42},"end":{"line":47,"column":null}},"4":{"start":{"line":48,"column":4},"end":{"line":48,"column":null}},"5":{"start":{"line":48,"column":39},"end":{"line":48,"column":null}},"6":{"start":{"line":49,"column":4},"end":{"line":49,"column":null}},"7":{"start":{"line":52,"column":73},"end":{"line":311,"column":null}},"8":{"start":{"line":53,"column":38},"end":{"line":53,"column":null}},"9":{"start":{"line":54,"column":44},"end":{"line":54,"column":null}},"10":{"start":{"line":55,"column":32},"end":{"line":55,"column":null}},"11":{"start":{"line":57,"column":4},"end":{"line":160,"column":null}},"12":{"start":{"line":58,"column":29},"end":{"line":155,"column":null}},"13":{"start":{"line":59,"column":12},"end":{"line":59,"column":null}},"14":{"start":{"line":60,"column":12},"end":{"line":154,"column":null}},"15":{"start":{"line":61,"column":33},"end":{"line":61,"column":null}},"16":{"start":{"line":62,"column":16},"end":{"line":62,"column":null}},"17":{"start":{"line":62,"column":34},"end":{"line":62,"column":null}},"18":{"start":{"line":64,"column":46},"end":{"line":64,"column":null}},"19":{"start":{"line":66,"column":16},"end":{"line":69,"column":null}},"20":{"start":{"line":67,"column":20},"end":{"line":67,"column":null}},"21":{"start":{"line":68,"column":20},"end":{"line":68,"column":null}},"22":{"start":{"line":72,"column":57},"end":{"line":76,"column":null}},"23":{"start":{"line":72,"column":80},"end":{"line":76,"column":18}},"24":{"start":{"line":84,"column":38},"end":{"line":84,"column":null}},"25":{"start":{"line":87,"column":16},"end":{"line":121,"column":null}},"26":{"start":{"line":88,"column":36},"end":{"line":88,"column":null}},"27":{"start":{"line":89,"column":30},"end":{"line":89,"column":null}},"28":{"start":{"line":92,"column":32},"end":{"line":92,"column":null}},"29":{"start":{"line":93,"column":32},"end":{"line":93,"column":null}},"30":{"start":{"line":94,"column":32},"end":{"line":94,"column":null}},"31":{"start":{"line":97,"column":20},"end":{"line":104,"column":null}},"32":{"start":{"line":105,"column":20},"end":{"line":112,"column":null}},"33":{"start":{"line":113,"column":20},"end":{"line":120,"column":null}},"34":{"start":{"line":126,"column":36},"end":{"line":126,"column":null}},"35":{"start":{"line":129,"column":16},"end":{"line":134,"column":null}},"36":{"start":{"line":129,"column":29},"end":{"line":129,"column":55}},"37":{"start":{"line":130,"column":20},"end":{"line":133,"column":null}},"38":{"start":{"line":131,"column":24},"end":{"line":131,"column":null}},"39":{"start":{"line":132,"column":24},"end":{"line":132,"column":null}},"40":{"start":{"line":136,"column":38},"end":{"line":147,"column":null}},"41":{"start":{"line":137,"column":35},"end":{"line":137,"column":null}},"42":{"start":{"line":138,"column":35},"end":{"line":138,"column":null}},"43":{"start":{"line":140,"column":20},"end":{"line":146,"column":null}},"44":{"start":{"line":149,"column":16},"end":{"line":149,"column":null}},"45":{"start":{"line":151,"column":16},"end":{"line":151,"column":null}},"46":{"start":{"line":153,"column":16},"end":{"line":153,"column":null}},"47":{"start":{"line":157,"column":8},"end":{"line":157,"column":null}},"48":{"start":{"line":158,"column":27},"end":{"line":158,"column":null}},"49":{"start":{"line":159,"column":8},"end":{"line":159,"column":null}},"50":{"start":{"line":159,"column":21},"end":{"line":159,"column":null}},"51":{"start":{"line":164,"column":21},"end":{"line":164,"column":null}},"52":{"start":{"line":165,"column":4},"end":{"line":170,"column":null}},"53":{"start":{"line":165,"column":17},"end":{"line":165,"column":41}},"54":{"start":{"line":166,"column":8},"end":{"line":169,"column":null}},"55":{"start":{"line":167,"column":12},"end":{"line":167,"column":null}},"56":{"start":{"line":168,"column":12},"end":{"line":168,"column":null}},"57":{"start":{"line":172,"column":4},"end":{"line":309,"column":null}},"58":{"start":{"line":183,"column":41},"end":{"line":183,"column":null}},"59":{"start":{"line":235,"column":56},"end":{"line":235,"column":null}}},"fnMap":{"0":{"name":"(anonymous_0)","decl":{"start":{"line":45,"column":27},"end":{"line":45,"column":28}},"loc":{"start":{"line":45,"column":54},"end":{"line":50,"column":null}},"line":45},"1":{"name":"(anonymous_1)","decl":{"start":{"line":52,"column":73},"end":{"line":52,"column":74}},"loc":{"start":{"line":52,"column":91},"end":{"line":311,"column":null}},"line":52},"2":{"name":"(anonymous_2)","decl":{"start":{"line":57,"column":14},"end":{"line":57,"column":20}},"loc":{"start":{"line":57,"column":20},"end":{"line":160,"column":7}},"line":57},"3":{"name":"(anonymous_3)","decl":{"start":{"line":58,"column":29},"end":{"line":58,"column":41}},"loc":{"start":{"line":58,"column":41},"end":{"line":155,"column":null}},"line":58},"4":{"name":"(anonymous_4)","decl":{"start":{"line":72,"column":74},"end":{"line":72,"column":80}},"loc":{"start":{"line":72,"column":80},"end":{"line":76,"column":18}},"line":72},"5":{"name":"(anonymous_5)","decl":{"start":{"line":136,"column":56},"end":{"line":136,"column":57}},"loc":{"start":{"line":136,"column":73},"end":{"line":147,"column":17}},"line":136},"6":{"name":"(anonymous_6)","decl":{"start":{"line":159,"column":15},"end":{"line":159,"column":21}},"loc":{"start":{"line":159,"column":21},"end":{"line":159,"column":null}},"line":159},"7":{"name":"(anonymous_7)","decl":{"start":{"line":183,"column":34},"end":{"line":183,"column":35}},"loc":{"start":{"line":183,"column":41},"end":{"line":183,"column":null}},"line":183},"8":{"name":"(anonymous_8)","decl":{"start":{"line":235,"column":47},"end":{"line":235,"column":48}},"loc":{"start":{"line":235,"column":56},"end":{"line":235,"column":null}},"line":235}},"branchMap":{"0":{"loc":{"start":{"line":46,"column":15},"end":{"line":46,"column":28}},"type":"binary-expr","locations":[{"start":{"line":46,"column":15},"end":{"line":46,"column":24}},{"start":{"line":46,"column":24},"end":{"line":46,"column":28}}],"line":46},"1":{"loc":{"start":{"line":47,"column":4},"end":{"line":47,"column":null}},"type":"if","locations":[{"start":{"line":47,"column":4},"end":{"line":47,"column":null}},{"start":{},"end":{}}],"line":47},"2":{"loc":{"start":{"line":47,"column":8},"end":{"line":47,"column":42}},"type":"binary-expr","locations":[{"start":{"line":47,"column":8},"end":{"line":47,"column":24}},{"start":{"line":47,"column":24},"end":{"line":47,"column":42}}],"line":47},"3":{"loc":{"start":{"line":48,"column":4},"end":{"line":48,"column":null}},"type":"if","locations":[{"start":{"line":48,"column":4},"end":{"line":48,"column":null}},{"start":{},"end":{}}],"line":48},"4":{"loc":{"start":{"line":48,"column":8},"end":{"line":48,"column":39}},"type":"binary-expr","locations":[{"start":{"line":48,"column":8},"end":{"line":48,"column":25}},{"start":{"line":48,"column":25},"end":{"line":48,"column":39}}],"line":48},"5":{"loc":{"start":{"line":62,"column":16},"end":{"line":62,"column":null}},"type":"if","locations":[{"start":{"line":62,"column":16},"end":{"line":62,"column":null}},{"start":{},"end":{}}],"line":62},"6":{"loc":{"start":{"line":66,"column":16},"end":{"line":69,"column":null}},"type":"if","locations":[{"start":{"line":66,"column":16},"end":{"line":69,"column":null}},{"start":{},"end":{}}],"line":66},"7":{"loc":{"start":{"line":66,"column":20},"end":{"line":66,"column":64}},"type":"binary-expr","locations":[{"start":{"line":66,"column":20},"end":{"line":66,"column":37}},{"start":{"line":66,"column":37},"end":{"line":66,"column":64}}],"line":66},"8":{"loc":{"start":{"line":87,"column":16},"end":{"line":121,"column":null}},"type":"if","locations":[{"start":{"line":87,"column":16},"end":{"line":121,"column":null}},{"start":{},"end":{}}],"line":87},"9":{"loc":{"start":{"line":88,"column":36},"end":{"line":88,"column":null}},"type":"binary-expr","locations":[{"start":{"line":88,"column":36},"end":{"line":88,"column":95}},{"start":{"line":88,"column":95},"end":{"line":88,"column":null}}],"line":88},"10":{"loc":{"start":{"line":92,"column":32},"end":{"line":92,"column":null}},"type":"binary-expr","locations":[{"start":{"line":92,"column":32},"end":{"line":92,"column":62}},{"start":{"line":92,"column":62},"end":{"line":92,"column":null}}],"line":92},"11":{"loc":{"start":{"line":92,"column":85},"end":{"line":92,"column":136}},"type":"cond-expr","locations":[{"start":{"line":92,"column":128},"end":{"line":92,"column":133}},{"start":{"line":92,"column":133},"end":{"line":92,"column":136}}],"line":92},"12":{"loc":{"start":{"line":93,"column":32},"end":{"line":93,"column":null}},"type":"binary-expr","locations":[{"start":{"line":93,"column":32},"end":{"line":93,"column":62}},{"start":{"line":93,"column":62},"end":{"line":93,"column":null}}],"line":93},"13":{"loc":{"start":{"line":93,"column":81},"end":{"line":93,"column":132}},"type":"cond-expr","locations":[{"start":{"line":93,"column":124},"end":{"line":93,"column":129}},{"start":{"line":93,"column":129},"end":{"line":93,"column":132}}],"line":93},"14":{"loc":{"start":{"line":94,"column":32},"end":{"line":94,"column":null}},"type":"binary-expr","locations":[{"start":{"line":94,"column":32},"end":{"line":94,"column":62}},{"start":{"line":94,"column":62},"end":{"line":94,"column":null}}],"line":94},"15":{"loc":{"start":{"line":94,"column":81},"end":{"line":94,"column":132}},"type":"cond-expr","locations":[{"start":{"line":94,"column":124},"end":{"line":94,"column":129}},{"start":{"line":94,"column":129},"end":{"line":94,"column":132}}],"line":94},"16":{"loc":{"start":{"line":130,"column":20},"end":{"line":133,"column":null}},"type":"if","locations":[{"start":{"line":130,"column":20},"end":{"line":133,"column":null}},{"start":{},"end":{}}],"line":130},"17":{"loc":{"start":{"line":142,"column":39},"end":{"line":142,"column":null}},"type":"cond-expr","locations":[{"start":{"line":142,"column":48},"end":{"line":142,"column":70}},{"start":{"line":142,"column":70},"end":{"line":142,"column":null}}],"line":142},"18":{"loc":{"start":{"line":143,"column":39},"end":{"line":143,"column":null}},"type":"cond-expr","locations":[{"start":{"line":143,"column":48},"end":{"line":143,"column":70}},{"start":{"line":143,"column":70},"end":{"line":143,"column":null}}],"line":143},"19":{"loc":{"start":{"line":144,"column":41},"end":{"line":144,"column":null}},"type":"cond-expr","locations":[{"start":{"line":144,"column":50},"end":{"line":144,"column":74}},{"start":{"line":144,"column":74},"end":{"line":144,"column":null}}],"line":144},"20":{"loc":{"start":{"line":145,"column":41},"end":{"line":145,"column":null}},"type":"cond-expr","locations":[{"start":{"line":145,"column":50},"end":{"line":145,"column":74}},{"start":{"line":145,"column":74},"end":{"line":145,"column":null}}],"line":145},"21":{"loc":{"start":{"line":166,"column":8},"end":{"line":169,"column":null}},"type":"if","locations":[{"start":{"line":166,"column":8},"end":{"line":169,"column":null}},{"start":{},"end":{}}],"line":166},"22":{"loc":{"start":{"line":199,"column":13},"end":{"line":307,"column":null}},"type":"cond-expr","locations":[{"start":{"line":200,"column":16},"end":{"line":200,"column":null}},{"start":{"line":202,"column":16},"end":{"line":307,"column":null}}],"line":199},"23":{"loc":{"start":{"line":235,"column":56},"end":{"line":235,"column":null}},"type":"cond-expr","locations":[{"start":{"line":235,"column":68},"end":{"line":235,"column":77}},{"start":{"line":235,"column":77},"end":{"line":235,"column":null}}],"line":235},"24":{"loc":{"start":{"line":235,"column":77},"end":{"line":235,"column":null}},"type":"cond-expr","locations":[{"start":{"line":235,"column":89},"end":{"line":235,"column":99}},{"start":{"line":235,"column":99},"end":{"line":235,"column":null}}],"line":235},"25":{"loc":{"start":{"line":297,"column":29},"end":{"line":303,"column":null}},"type":"binary-expr","locations":[{"start":{"line":297,"column":29},"end":{"line":297,"column":null}},{"start":{"line":298,"column":32},"end":{"line":303,"column":null}}],"line":297}},"s":{"0":1,"1":5,"2":5,"3":1,"4":4,"5":0,"6":4,"7":1,"8":8,"9":8,"10":8,"11":8,"12":3,"13":3,"14":3,"15":3,"16":2,"17":2,"18":1,"19":1,"20":0,"21":0,"22":1,"23":2,"24":1,"25":1,"26":1,"27":1,"28":1,"29":1,"30":1,"31":1,"32":1,"33":1,"34":1,"35":1,"36":1,"37":4,"38":1,"39":1,"40":1,"41":5,"42":5,"43":5,"44":1,"45":2,"46":3,"47":3,"48":3,"49":3,"50":3,"51":8,"52":8,"53":8,"54":4,"55":1,"56":1,"57":8,"58":0,"59":0},"f":{"0":5,"1":8,"2":3,"3":3,"4":2,"5":5,"6":3,"7":0,"8":0},"b":{"0":[5,2],"1":[1,4],"2":[5,4],"3":[0,4],"4":[4,4],"5":[0,2],"6":[0,1],"7":[1,1],"8":[1,0],"9":[1,0],"10":[1,0],"11":[0,0],"12":[1,0],"13":[0,0],"14":[1,0],"15":[0,0],"16":[1,3],"17":[2,3],"18":[4,1],"19":[2,3],"20":[4,1],"21":[1,3],"22":[3,5],"23":[0,0],"24":[0,0],"25":[5,1]},"meta":{"lastBranch":26,"lastFunction":9,"lastStatement":60,"seen":{"s:45:27:50:Infinity":0,"f:45:27:45:28":0,"s:46:10:46:Infinity":1,"b:46:15:46:24:46:24:46:28":0,"b:47:4:47:Infinity:undefined:undefined:undefined:undefined":1,"s:47:4:47:Infinity":2,"b:47:8:47:24:47:24:47:42":2,"s:47:42:47:Infinity":3,"b:48:4:48:Infinity:undefined:undefined:undefined:undefined":3,"s:48:4:48:Infinity":4,"b:48:8:48:25:48:25:48:39":4,"s:48:39:48:Infinity":5,"s:49:4:49:Infinity":6,"s:52:73:311:Infinity":7,"f:52:73:52:74":1,"s:53:38:53:Infinity":8,"s:54:44:54:Infinity":9,"s:55:32:55:Infinity":10,"s:57:4:160:Infinity":11,"f:57:14:57:20":2,"s:58:29:155:Infinity":12,"f:58:29:58:41":3,"s:59:12:59:Infinity":13,"s:60:12:154:Infinity":14,"s:61:33:61:Infinity":15,"b:62:16:62:Infinity:undefined:undefined:undefined:undefined":5,"s:62:16:62:Infinity":16,"s:62:34:62:Infinity":17,"s:64:46:64:Infinity":18,"b:66:16:69:Infinity:undefined:undefined:undefined:undefined":6,"s:66:16:69:Infinity":19,"b:66:20:66:37:66:37:66:64":7,"s:67:20:67:Infinity":20,"s:68:20:68:Infinity":21,"s:72:57:76:Infinity":22,"f:72:74:72:80":4,"s:72:80:76:18":23,"s:84:38:84:Infinity":24,"b:87:16:121:Infinity:undefined:undefined:undefined:undefined":8,"s:87:16:121:Infinity":25,"s:88:36:88:Infinity":26,"b:88:36:88:95:88:95:88:Infinity":9,"s:89:30:89:Infinity":27,"s:92:32:92:Infinity":28,"b:92:32:92:62:92:62:92:Infinity":10,"b:92:128:92:133:92:133:92:136":11,"s:93:32:93:Infinity":29,"b:93:32:93:62:93:62:93:Infinity":12,"b:93:124:93:129:93:129:93:132":13,"s:94:32:94:Infinity":30,"b:94:32:94:62:94:62:94:Infinity":14,"b:94:124:94:129:94:129:94:132":15,"s:97:20:104:Infinity":31,"s:105:20:112:Infinity":32,"s:113:20:120:Infinity":33,"s:126:36:126:Infinity":34,"s:129:16:134:Infinity":35,"s:129:29:129:55":36,"b:130:20:133:Infinity:undefined:undefined:undefined:undefined":16,"s:130:20:133:Infinity":37,"s:131:24:131:Infinity":38,"s:132:24:132:Infinity":39,"s:136:38:147:Infinity":40,"f:136:56:136:57":5,"s:137:35:137:Infinity":41,"s:138:35:138:Infinity":42,"s:140:20:146:Infinity":43,"b:142:48:142:70:142:70:142:Infinity":17,"b:143:48:143:70:143:70:143:Infinity":18,"b:144:50:144:74:144:74:144:Infinity":19,"b:145:50:145:74:145:74:145:Infinity":20,"s:149:16:149:Infinity":44,"s:151:16:151:Infinity":45,"s:153:16:153:Infinity":46,"s:157:8:157:Infinity":47,"s:158:27:158:Infinity":48,"s:159:8:159:Infinity":49,"f:159:15:159:21":6,"s:159:21:159:Infinity":50,"s:164:21:164:Infinity":51,"s:165:4:170:Infinity":52,"s:165:17:165:41":53,"b:166:8:169:Infinity:undefined:undefined:undefined:undefined":21,"s:166:8:169:Infinity":54,"s:167:12:167:Infinity":55,"s:168:12:168:Infinity":56,"s:172:4:309:Infinity":57,"f:183:34:183:35":7,"s:183:41:183:Infinity":58,"b:200:16:200:Infinity:202:16:307:Infinity":22,"f:235:47:235:48":8,"s:235:56:235:Infinity":59,"b:235:68:235:77:235:77:235:Infinity":23,"b:235:89:235:99:235:99:235:Infinity":24,"b:297:29:297:Infinity:298:32:303:Infinity":25}}}
}
